Fri Jun 20 12:50:01 CEST 2025: Container watchdog started
Fri Jun 20 12:50:01 CEST 2025: Checking container status...
Fri Jun 20 12:50:01 CEST 2025: Postgres container is down. Restarting...
Fri Jun 20 12:50:32 CEST 2025: PgBouncer container is down. Restarting...
Fri Jun 20 12:50:47 CEST 2025: Backend container is down. Restarting...
Fri Jun 20 12:50:48 CEST 2025: Postgres is not responding. Recreating container...
Fri Jun 20 12:51:18 CEST 2025: Critical table 'cards_card' is missing. Running migrations...
Fri Jun 20 13:00:01 CEST 2025: Container watchdog started
Fri Jun 20 13:00:01 CEST 2025: Checking container status...
Fri Jun 20 13:00:01 CEST 2025: Postgres container is down. Restarting...
Fri Jun 20 13:00:31 CEST 2025: PgBouncer container is down. Restarting...
Fri Jun 20 13:00:47 CEST 2025: Backend container is down. Restarting...
Fri Jun 20 13:00:48 CEST 2025: Postgres is not responding. Recreating container...
Fri Jun 20 13:01:18 CEST 2025: Critical table 'cards_card' is missing. Running migrations...
Fri Jun 20 13:01:19 CEST 2025: Checking container status...
Fri Jun 20 13:01:19 CEST 2025: Postgres container is down. Restarting...
Fri Jun 20 13:01:50 CEST 2025: PgBouncer container is down. Restarting...
Fri Jun 20 13:02:06 CEST 2025: Backend container is down. Restarting...
Fri Jun 20 13:02:06 CEST 2025: Postgres is not responding. Recreating container...
Fri Jun 20 13:02:37 CEST 2025: Critical table 'cards_card' is missing. Running migrations...
Fri Jun 20 13:10:01 CEST 2025: Container watchdog started
Fri Jun 20 13:10:01 CEST 2025: Checking container status...
Fri Jun 20 13:10:01 CEST 2025: Postgres container is down. Restarting...
Fri Jun 20 13:10:32 CEST 2025: PgBouncer container is down. Restarting...
Fri Jun 20 13:10:47 CEST 2025: Backend container is down. Restarting...
Fri Jun 20 13:10:48 CEST 2025: Postgres is not responding. Recreating container...
Fri Jun 20 13:11:18 CEST 2025: Critical table 'cards_card' is missing. Running migrations...
Fri Jun 20 13:11:18 CEST 2025: Checking container status...
Fri Jun 20 13:11:19 CEST 2025: Postgres container is down. Restarting...
Fri Jun 20 13:11:49 CEST 2025: PgBouncer container is down. Restarting...
Fri Jun 20 13:12:05 CEST 2025: Backend container is down. Restarting...
Fri Jun 20 13:12:06 CEST 2025: Postgres is not responding. Recreating container...
Fri Jun 20 13:12:36 CEST 2025: Critical table 'cards_card' is missing. Running migrations...
Fri Jun 20 13:12:37 CEST 2025: Checking container status...
Fri Jun 20 13:12:38 CEST 2025: Postgres container is down. Restarting...
Fri Jun 20 13:13:08 CEST 2025: PgBouncer container is down. Restarting...
Fri Jun 20 13:13:24 CEST 2025: Backend container is down. Restarting...
Fri Jun 20 13:13:25 CEST 2025: Postgres is not responding. Recreating container...
Fri Jun 20 13:13:55 CEST 2025: Critical table 'cards_card' is missing. Running migrations...
Fri Jun 20 13:20:01 CEST 2025: Container watchdog started
Fri Jun 20 13:20:01 CEST 2025: Checking container status...
Fri Jun 20 13:20:01 CEST 2025: Postgres container is down. Restarting...
Fri Jun 20 13:20:32 CEST 2025: PgBouncer container is down. Restarting...
Fri Jun 20 13:20:47 CEST 2025: Backend container is down. Restarting...
Fri Jun 20 13:20:48 CEST 2025: Postgres is not responding. Recreating container...
Fri Jun 20 13:21:19 CEST 2025: Critical table 'cards_card' is missing. Running migrations...
Fri Jun 20 13:21:19 CEST 2025: Checking container status...
Fri Jun 20 13:21:19 CEST 2025: Postgres container is down. Restarting...
Fri Jun 20 13:21:50 CEST 2025: PgBouncer container is down. Restarting...
Fri Jun 20 13:22:05 CEST 2025: Backend container is down. Restarting...
Fri Jun 20 13:22:06 CEST 2025: Postgres is not responding. Recreating container...
Fri Jun 20 13:22:36 CEST 2025: Checking container status...
Fri Jun 20 13:22:37 CEST 2025: Postgres container is down. Restarting...
Fri Jun 20 13:22:37 CEST 2025: Critical table 'cards_card' is missing. Running migrations...
Fri Jun 20 13:23:07 CEST 2025: PgBouncer container is down. Restarting...
Fri Jun 20 13:23:23 CEST 2025: Backend container is down. Restarting...
Fri Jun 20 13:23:24 CEST 2025: Postgres is not responding. Recreating container...
Fri Jun 20 13:23:54 CEST 2025: Critical table 'cards_card' is missing. Running migrations...
Fri Jun 20 13:23:56 CEST 2025: Checking container status...
Fri Jun 20 13:23:56 CEST 2025: Postgres container is down. Restarting...
Fri Jun 20 13:24:27 CEST 2025: PgBouncer container is down. Restarting...
Fri Jun 20 13:24:42 CEST 2025: Backend container is down. Restarting...
Fri Jun 20 13:24:43 CEST 2025: Postgres is not responding. Recreating container...
Fri Jun 20 13:25:14 CEST 2025: Critical table 'cards_card' is missing. Running migrations...
Fri Jun 20 13:30:01 CEST 2025: Container watchdog started
Fri Jun 20 13:30:01 CEST 2025: Checking container status...
Fri Jun 20 13:30:01 CEST 2025: Postgres container is down. Restarting...
Fri Jun 20 13:30:32 CEST 2025: PgBouncer container is down. Restarting...
Fri Jun 20 13:30:48 CEST 2025: Backend container is down. Restarting...
Fri Jun 20 13:30:49 CEST 2025: Postgres is not responding. Recreating container...
Fri Jun 20 13:31:19 CEST 2025: Checking container status...
Fri Jun 20 13:31:19 CEST 2025: Postgres container is down. Restarting...
Fri Jun 20 13:31:20 CEST 2025: Critical table 'cards_card' is missing. Running migrations...
Fri Jun 20 13:31:50 CEST 2025: PgBouncer container is down. Restarting...
Fri Jun 20 13:32:06 CEST 2025: Backend container is down. Restarting...
Fri Jun 20 13:32:07 CEST 2025: Postgres is not responding. Recreating container...
Fri Jun 20 13:32:37 CEST 2025: Checking container status...
Fri Jun 20 13:32:37 CEST 2025: Postgres container is down. Restarting...
Fri Jun 20 13:32:38 CEST 2025: Critical table 'cards_card' is missing. Running migrations...
Fri Jun 20 13:33:08 CEST 2025: PgBouncer container is down. Restarting...
Fri Jun 20 13:33:24 CEST 2025: Backend container is down. Restarting...
Fri Jun 20 13:33:25 CEST 2025: Postgres is not responding. Recreating container...
Fri Jun 20 13:33:55 CEST 2025: Checking container status...
Fri Jun 20 13:33:55 CEST 2025: Postgres container is down. Restarting...
Fri Jun 20 13:33:56 CEST 2025: Critical table 'cards_card' is missing. Running migrations...
Fri Jun 20 13:34:26 CEST 2025: PgBouncer container is down. Restarting...
Fri Jun 20 13:34:42 CEST 2025: Backend container is down. Restarting...
Fri Jun 20 13:34:43 CEST 2025: Postgres is not responding. Recreating container...
Fri Jun 20 13:35:14 CEST 2025: Critical table 'cards_card' is missing. Running migrations...
Fri Jun 20 13:35:14 CEST 2025: Checking container status...
Fri Jun 20 13:35:14 CEST 2025: Postgres container is down. Restarting...
Fri Jun 20 13:35:45 CEST 2025: PgBouncer container is down. Restarting...
Fri Jun 20 13:36:01 CEST 2025: Backend container is down. Restarting...
Fri Jun 20 13:36:02 CEST 2025: Postgres is not responding. Recreating container...
Fri Jun 20 13:36:33 CEST 2025: Critical table 'cards_card' is missing. Running migrations...
Fri Jun 20 13:40:01 CEST 2025: Container watchdog started
Fri Jun 20 13:40:01 CEST 2025: Checking container status...
Fri Jun 20 13:40:01 CEST 2025: Postgres container is down. Restarting...
Fri Jun 20 13:40:32 CEST 2025: PgBouncer container is down. Restarting...
Fri Jun 20 13:40:48 CEST 2025: Backend container is down. Restarting...
Fri Jun 20 13:40:49 CEST 2025: Postgres is not responding. Recreating container...
Fri Jun 20 13:41:20 CEST 2025: Critical table 'cards_card' is missing. Running migrations...
Fri Jun 20 13:41:21 CEST 2025: Checking container status...
Fri Jun 20 13:41:21 CEST 2025: Postgres container is down. Restarting...
Fri Jun 20 13:41:52 CEST 2025: PgBouncer container is down. Restarting...
Fri Jun 20 13:42:08 CEST 2025: Backend container is down. Restarting...
Fri Jun 20 13:42:09 CEST 2025: Postgres is not responding. Recreating container...
Fri Jun 20 13:42:39 CEST 2025: Checking container status...
Fri Jun 20 13:42:39 CEST 2025: Postgres container is down. Restarting...
Fri Jun 20 13:42:40 CEST 2025: Critical table 'cards_card' is missing. Running migrations...
Fri Jun 20 13:43:10 CEST 2025: PgBouncer container is down. Restarting...
Fri Jun 20 13:43:26 CEST 2025: Backend container is down. Restarting...
Fri Jun 20 13:43:27 CEST 2025: Postgres is not responding. Recreating container...
Fri Jun 20 13:43:57 CEST 2025: Checking container status...
Fri Jun 20 13:43:57 CEST 2025: Postgres container is down. Restarting...
Fri Jun 20 13:43:58 CEST 2025: Critical table 'cards_card' is missing. Running migrations...
Fri Jun 20 13:44:28 CEST 2025: PgBouncer container is down. Restarting...
Fri Jun 20 13:44:44 CEST 2025: Backend container is down. Restarting...
Fri Jun 20 13:44:45 CEST 2025: Postgres is not responding. Recreating container...
Fri Jun 20 13:45:14 CEST 2025: Checking container status...
Fri Jun 20 13:45:15 CEST 2025: Postgres container is down. Restarting...
Fri Jun 20 13:45:16 CEST 2025: Critical table 'cards_card' is missing. Running migrations...
Fri Jun 20 13:45:46 CEST 2025: PgBouncer container is down. Restarting...
Fri Jun 20 13:46:02 CEST 2025: Backend container is down. Restarting...
Fri Jun 20 13:46:03 CEST 2025: Postgres is not responding. Recreating container...
Fri Jun 20 13:46:34 CEST 2025: Checking container status...
Fri Jun 20 13:46:34 CEST 2025: Critical table 'cards_card' is missing. Running migrations...
Fri Jun 20 13:46:34 CEST 2025: Postgres container is down. Restarting...
Fri Jun 20 13:47:05 CEST 2025: PgBouncer container is down. Restarting...
Fri Jun 20 13:47:21 CEST 2025: Backend container is down. Restarting...
Fri Jun 20 13:47:22 CEST 2025: Postgres is not responding. Recreating container...
Fri Jun 20 13:47:53 CEST 2025: Critical table 'cards_card' is missing. Running migrations...
Fri Jun 20 13:50:01 CEST 2025: Container watchdog started
Fri Jun 20 13:50:01 CEST 2025: Checking container status...
Fri Jun 20 13:50:01 CEST 2025: Postgres container is down. Restarting...
Fri Jun 20 13:50:32 CEST 2025: PgBouncer container is down. Restarting...
Fri Jun 20 13:50:48 CEST 2025: Backend container is down. Restarting...
Fri Jun 20 13:50:49 CEST 2025: Postgres is not responding. Recreating container...
Fri Jun 20 13:51:20 CEST 2025: Critical table 'cards_card' is missing. Running migrations...
Fri Jun 20 13:51:20 CEST 2025: Checking container status...
Fri Jun 20 13:51:21 CEST 2025: Postgres container is down. Restarting...
Fri Jun 20 13:51:52 CEST 2025: PgBouncer container is down. Restarting...
Fri Jun 20 13:52:08 CEST 2025: Backend container is down. Restarting...
Fri Jun 20 13:52:09 CEST 2025: Postgres is not responding. Recreating container...
Fri Jun 20 13:52:40 CEST 2025: Critical table 'cards_card' is missing. Running migrations...
Fri Jun 20 13:52:41 CEST 2025: Checking container status...
Fri Jun 20 13:52:41 CEST 2025: Postgres container is down. Restarting...
Fri Jun 20 13:53:12 CEST 2025: PgBouncer container is down. Restarting...
Fri Jun 20 13:53:28 CEST 2025: Backend container is down. Restarting...
Fri Jun 20 13:53:29 CEST 2025: Postgres is not responding. Recreating container...
Fri Jun 20 13:53:59 CEST 2025: Checking container status...
Fri Jun 20 13:53:59 CEST 2025: Postgres container is down. Restarting...
Fri Jun 20 13:54:00 CEST 2025: Critical table 'cards_card' is missing. Running migrations...
Fri Jun 20 13:54:30 CEST 2025: PgBouncer container is down. Restarting...
Fri Jun 20 13:54:46 CEST 2025: Backend container is down. Restarting...
Fri Jun 20 13:54:47 CEST 2025: Postgres is not responding. Recreating container...
Fri Jun 20 13:55:16 CEST 2025: Checking container status...
Fri Jun 20 13:55:17 CEST 2025: Postgres container is down. Restarting...
Fri Jun 20 13:55:18 CEST 2025: Critical table 'cards_card' is missing. Running migrations...
Fri Jun 20 13:55:48 CEST 2025: PgBouncer container is down. Restarting...
Fri Jun 20 13:56:04 CEST 2025: Backend container is down. Restarting...
Fri Jun 20 13:56:05 CEST 2025: Postgres is not responding. Recreating container...
Fri Jun 20 13:56:34 CEST 2025: Checking container status...
Fri Jun 20 13:56:35 CEST 2025: Postgres container is down. Restarting...
Fri Jun 20 13:56:36 CEST 2025: Critical table 'cards_card' is missing. Running migrations...
Fri Jun 20 13:57:06 CEST 2025: PgBouncer container is down. Restarting...
Fri Jun 20 13:57:21 CEST 2025: Backend container is down. Restarting...
Fri Jun 20 13:57:22 CEST 2025: Postgres is not responding. Recreating container...
Fri Jun 20 13:57:53 CEST 2025: Critical table 'cards_card' is missing. Running migrations...
Fri Jun 20 13:57:53 CEST 2025: Checking container status...
Fri Jun 20 13:57:54 CEST 2025: Postgres container is down. Restarting...
Fri Jun 20 13:58:25 CEST 2025: PgBouncer container is down. Restarting...
Fri Jun 20 13:58:41 CEST 2025: Backend container is down. Restarting...
Fri Jun 20 13:58:42 CEST 2025: Postgres is not responding. Recreating container...
Fri Jun 20 13:59:13 CEST 2025: Critical table 'cards_card' is missing. Running migrations...
Fri Jun 20 14:00:01 CEST 2025: Container watchdog started
Fri Jun 20 14:00:01 CEST 2025: Checking container status...
Fri Jun 20 14:00:01 CEST 2025: Postgres container is down. Restarting...
Fri Jun 20 14:00:32 CEST 2025: PgBouncer container is down. Restarting...
Fri Jun 20 14:00:48 CEST 2025: Backend container is down. Restarting...
Fri Jun 20 14:00:49 CEST 2025: Postgres is not responding. Recreating container...
Fri Jun 20 14:01:20 CEST 2025: Critical table 'cards_card' is missing. Running migrations...
Fri Jun 20 14:01:20 CEST 2025: Checking container status...
Fri Jun 20 14:01:21 CEST 2025: Postgres container is down. Restarting...
Fri Jun 20 14:01:52 CEST 2025: PgBouncer container is down. Restarting...
Fri Jun 20 14:02:08 CEST 2025: Backend container is down. Restarting...
Fri Jun 20 14:02:09 CEST 2025: Postgres is not responding. Recreating container...
Fri Jun 20 14:02:40 CEST 2025: Critical table 'cards_card' is missing. Running migrations...
Fri Jun 20 14:02:40 CEST 2025: Checking container status...
Fri Jun 20 14:02:41 CEST 2025: Postgres container is down. Restarting...
Fri Jun 20 14:03:12 CEST 2025: PgBouncer container is down. Restarting...
Fri Jun 20 14:03:28 CEST 2025: Backend container is down. Restarting...
Fri Jun 20 14:03:29 CEST 2025: Postgres is not responding. Recreating container...
Fri Jun 20 14:04:00 CEST 2025: Critical table 'cards_card' is missing. Running migrations...
Fri Jun 20 14:04:01 CEST 2025: Checking container status...
Fri Jun 20 14:04:01 CEST 2025: Postgres container is down. Restarting...
Fri Jun 20 14:04:32 CEST 2025: PgBouncer container is down. Restarting...
Fri Jun 20 14:04:48 CEST 2025: Backend container is down. Restarting...
Fri Jun 20 14:04:49 CEST 2025: Postgres is not responding. Recreating container...
Fri Jun 20 14:05:18 CEST 2025: Checking container status...
Fri Jun 20 14:05:19 CEST 2025: Postgres container is down. Restarting...
Fri Jun 20 14:05:20 CEST 2025: Critical table 'cards_card' is missing. Running migrations...
Fri Jun 20 14:05:50 CEST 2025: PgBouncer container is down. Restarting...
Fri Jun 20 14:06:06 CEST 2025: Backend container is down. Restarting...
Fri Jun 20 14:06:07 CEST 2025: Postgres is not responding. Recreating container...
Fri Jun 20 14:06:36 CEST 2025: Checking container status...
Fri Jun 20 14:06:37 CEST 2025: Postgres container is down. Restarting...
Fri Jun 20 14:06:38 CEST 2025: Critical table 'cards_card' is missing. Running migrations...
Fri Jun 20 14:07:07 CEST 2025: PgBouncer container is down. Restarting...
Fri Jun 20 14:07:23 CEST 2025: Backend container is down. Restarting...
Fri Jun 20 14:07:24 CEST 2025: Postgres is not responding. Recreating container...
Fri Jun 20 14:07:54 CEST 2025: Checking container status...
Fri Jun 20 14:07:54 CEST 2025: Postgres container is down. Restarting...
Fri Jun 20 14:07:55 CEST 2025: Critical table 'cards_card' is missing. Running migrations...
Fri Jun 20 14:08:25 CEST 2025: PgBouncer container is down. Restarting...
Fri Jun 20 14:08:41 CEST 2025: Backend container is down. Restarting...
Fri Jun 20 14:08:42 CEST 2025: Postgres is not responding. Recreating container...
Fri Jun 20 14:09:13 CEST 2025: Critical table 'cards_card' is missing. Running migrations...
Fri Jun 20 14:09:13 CEST 2025: Checking container status...
Fri Jun 20 14:09:14 CEST 2025: Postgres container is down. Restarting...
Fri Jun 20 14:09:44 CEST 2025: PgBouncer container is down. Restarting...
Fri Jun 20 14:10:00 CEST 2025: Backend container is down. Restarting...
Fri Jun 20 14:10:01 CEST 2025: Container watchdog started
Fri Jun 20 14:10:01 CEST 2025: Checking container status...
Fri Jun 20 14:10:01 CEST 2025: Postgres container is down. Restarting...
Fri Jun 20 14:10:01 CEST 2025: Postgres is not responding. Recreating container...
Fri Jun 20 14:10:32 CEST 2025: PgBouncer container is down. Restarting...
Fri Jun 20 14:10:32 CEST 2025: Critical table 'cards_card' is missing. Running migrations...
Fri Jun 20 14:10:48 CEST 2025: Backend container is down. Restarting...
Fri Jun 20 14:10:49 CEST 2025: Postgres is not responding. Recreating container...
Fri Jun 20 14:11:20 CEST 2025: Critical table 'cards_card' is missing. Running migrations...
Fri Jun 20 14:11:21 CEST 2025: Checking container status...
Fri Jun 20 14:11:21 CEST 2025: Postgres container is down. Restarting...
Fri Jun 20 14:11:52 CEST 2025: PgBouncer container is down. Restarting...
Fri Jun 20 14:12:08 CEST 2025: Backend container is down. Restarting...
Fri Jun 20 14:12:09 CEST 2025: Postgres is not responding. Recreating container...
Fri Jun 20 14:12:40 CEST 2025: Critical table 'cards_card' is missing. Running migrations...
Fri Jun 20 14:12:40 CEST 2025: Checking container status...
Fri Jun 20 14:12:41 CEST 2025: Postgres container is down. Restarting...
Fri Jun 20 14:13:12 CEST 2025: PgBouncer container is down. Restarting...
Fri Jun 20 14:13:27 CEST 2025: Backend container is down. Restarting...
Fri Jun 20 14:13:28 CEST 2025: Postgres is not responding. Recreating container...
Fri Jun 20 14:13:59 CEST 2025: Critical table 'cards_card' is missing. Running migrations...
Fri Jun 20 14:14:00 CEST 2025: Checking container status...
Fri Jun 20 14:14:00 CEST 2025: Postgres container is down. Restarting...
Fri Jun 20 14:14:31 CEST 2025: PgBouncer container is down. Restarting...
Fri Jun 20 14:14:47 CEST 2025: Backend container is down. Restarting...
Fri Jun 20 14:14:48 CEST 2025: Postgres is not responding. Recreating container...
Fri Jun 20 14:15:19 CEST 2025: Critical table 'cards_card' is missing. Running migrations...
Fri Jun 20 14:15:21 CEST 2025: Checking container status...
Fri Jun 20 14:15:21 CEST 2025: Postgres container is down. Restarting...
Fri Jun 20 14:15:52 CEST 2025: PgBouncer container is down. Restarting...
Fri Jun 20 14:16:08 CEST 2025: Backend container is down. Restarting...
Fri Jun 20 14:16:09 CEST 2025: Postgres is not responding. Recreating container...
Fri Jun 20 14:16:38 CEST 2025: Checking container status...
Fri Jun 20 14:16:39 CEST 2025: Postgres container is down. Restarting...
Fri Jun 20 14:16:39 CEST 2025: Critical table 'cards_card' is missing. Running migrations...
Fri Jun 20 14:17:09 CEST 2025: PgBouncer container is down. Restarting...
Fri Jun 20 14:17:25 CEST 2025: Backend container is down. Restarting...
Fri Jun 20 14:17:26 CEST 2025: Postgres is not responding. Recreating container...
Fri Jun 20 14:17:56 CEST 2025: Checking container status...
Fri Jun 20 14:17:56 CEST 2025: Postgres container is down. Restarting...
Fri Jun 20 14:17:57 CEST 2025: Critical table 'cards_card' is missing. Running migrations...
Fri Jun 20 14:18:27 CEST 2025: PgBouncer container is down. Restarting...
Fri Jun 20 14:18:43 CEST 2025: Backend container is down. Restarting...
Fri Jun 20 14:18:44 CEST 2025: Postgres is not responding. Recreating container...
Fri Jun 20 14:19:14 CEST 2025: Checking container status...
Fri Jun 20 14:19:14 CEST 2025: Postgres container is down. Restarting...
Fri Jun 20 14:19:15 CEST 2025: Critical table 'cards_card' is missing. Running migrations...
Fri Jun 20 14:19:45 CEST 2025: PgBouncer container is down. Restarting...
Fri Jun 20 14:20:01 CEST 2025: Container watchdog started
Fri Jun 20 14:20:01 CEST 2025: Checking container status...
Fri Jun 20 14:20:01 CEST 2025: Backend container is down. Restarting...
Fri Jun 20 14:20:01 CEST 2025: Postgres container is down. Restarting...
Fri Jun 20 14:20:02 CEST 2025: Postgres is not responding. Recreating container...
Fri Jun 20 14:20:32 CEST 2025: PgBouncer container is down. Restarting...
Fri Jun 20 14:20:32 CEST 2025: Critical table 'cards_card' is missing. Running migrations...
Fri Jun 20 14:20:33 CEST 2025: Checking container status...
Fri Jun 20 14:20:33 CEST 2025: Postgres container is down. Restarting...
Fri Jun 20 14:20:48 CEST 2025: Backend container is down. Restarting...
Fri Jun 20 14:20:49 CEST 2025: Postgres is not responding. Recreating container...
Fri Jun 20 14:21:04 CEST 2025: PgBouncer container is down. Restarting...
Fri Jun 20 14:21:20 CEST 2025: Critical table 'cards_card' is missing. Running migrations...
Fri Jun 20 14:21:20 CEST 2025: Backend container is down. Restarting...
Fri Jun 20 14:21:20 CEST 2025: Checking container status...
Fri Jun 20 14:21:21 CEST 2025: Postgres container is down. Restarting...
Fri Jun 20 14:21:21 CEST 2025: Postgres is not responding. Recreating container...
Fri Jun 20 14:21:51 CEST 2025: PgBouncer container is down. Restarting...
Fri Jun 20 14:21:51 CEST 2025: Critical table 'cards_card' is missing. Running migrations...
Fri Jun 20 14:22:07 CEST 2025: Backend container is down. Restarting...
Fri Jun 20 14:22:08 CEST 2025: Postgres is not responding. Recreating container...
Fri Jun 20 14:22:39 CEST 2025: Critical table 'cards_card' is missing. Running migrations...
Fri Jun 20 14:22:40 CEST 2025: Checking container status...
Fri Jun 20 14:22:40 CEST 2025: Postgres container is down. Restarting...
Fri Jun 20 14:23:11 CEST 2025: PgBouncer container is down. Restarting...
Fri Jun 20 14:23:27 CEST 2025: Backend container is down. Restarting...
Fri Jun 20 14:23:28 CEST 2025: Postgres is not responding. Recreating container...
Fri Jun 20 14:23:59 CEST 2025: Critical table 'cards_card' is missing. Running migrations...
Fri Jun 20 14:24:00 CEST 2025: Checking container status...
Fri Jun 20 14:24:00 CEST 2025: Postgres container is down. Restarting...
